F:\VS2010\Linear Regression\Debug\Linear Regression.exe
F:\VS2010\Linear Regression\Debug\Linear Regression.ilk
F:\VS2010\Linear Regression\Debug\Linear Regression.pdb
F:\VS2010\Linear Regression\Linear Regression\Debug\cl.command.1.tlog
F:\VS2010\Linear Regression\Linear Regression\Debug\CL.read.1.tlog
F:\VS2010\Linear Regression\Linear Regression\Debug\CL.write.1.tlog
F:\VS2010\LINEAR REGRESSION\LINEAR REGRESSION\DEBUG\LINEAR REGRESSION.EXE.EMBED.MANIFEST
F:\VS2010\LINEAR REGRESSION\LINEAR REGRESSION\DEBUG\LINEAR REGRESSION.EXE.EMBED.MANIFEST.RES
F:\VS2010\Linear Regression\Linear Regression\Debug\Linear Regression.exe.intermediate.manifest
F:\VS2010\Linear Regression\Linear Regression\Debug\Linear Regression.vcxprojResolveAssemblyReference.cache
F:\VS2010\Linear Regression\Linear Regression\Debug\Linear Regression.write.1.tlog
F:\VS2010\Linear Regression\Linear Regression\Debug\Linear Regression_manifest.rc
F:\VS2010\LINEAR REGRESSION\LINEAR REGRESSION\DEBUG\LINEARREGRESSION.OBJ
F:\VS2010\Linear Regression\Linear Regression\Debug\link.10092.read.1.tlog
F:\VS2010\Linear Regression\Linear Regression\Debug\link.10092.write.1.tlog
F:\VS2010\Linear Regression\Linear Regression\Debug\link.10092-cvtres.read.1.tlog
F:\VS2010\Linear Regression\Linear Regression\Debug\link.10092-cvtres.write.1.tlog
F:\VS2010\Linear Regression\Linear Regression\Debug\link.3604.read.1.tlog
F:\VS2010\Linear Regression\Linear Regression\Debug\link.3604.write.1.tlog
F:\VS2010\Linear Regression\Linear Regression\Debug\link.3604-cvtres.read.1.tlog
F:\VS2010\Linear Regression\Linear Regression\Debug\link.3604-cvtres.write.1.tlog
F:\VS2010\Linear Regression\Linear Regression\Debug\link.4460.read.1.tlog
F:\VS2010\Linear Regression\Linear Regression\Debug\link.4460.write.1.tlog
F:\VS2010\Linear Regression\Linear Regression\Debug\link.4460-cvtres.read.1.tlog
F:\VS2010\Linear Regression\Linear Regression\Debug\link.4460-cvtres.write.1.tlog
F:\VS2010\Linear Regression\Linear Regression\Debug\link.4624.read.1.tlog
F:\VS2010\Linear Regression\Linear Regression\Debug\link.4624.write.1.tlog
F:\VS2010\Linear Regression\Linear Regression\Debug\link.4624-cvtres.read.1.tlog
F:\VS2010\Linear Regression\Linear Regression\Debug\link.4624-cvtres.write.1.tlog
F:\VS2010\Linear Regression\Linear Regression\Debug\link.5152.read.1.tlog
F:\VS2010\Linear Regression\Linear Regression\Debug\link.5152.write.1.tlog
F:\VS2010\Linear Regression\Linear Regression\Debug\link.5152-cvtres.read.1.tlog
F:\VS2010\Linear Regression\Linear Regression\Debug\link.5152-cvtres.write.1.tlog
F:\VS2010\Linear Regression\Linear Regression\Debug\link.5264.read.1.tlog
F:\VS2010\Linear Regression\Linear Regression\Debug\link.5264.write.1.tlog
F:\VS2010\Linear Regression\Linear Regression\Debug\link.5264-cvtres.read.1.tlog
F:\VS2010\Linear Regression\Linear Regression\Debug\link.5264-cvtres.write.1.tlog
F:\VS2010\Linear Regression\Linear Regression\Debug\link.5428.read.1.tlog
F:\VS2010\Linear Regression\Linear Regression\Debug\link.5428.write.1.tlog
F:\VS2010\Linear Regression\Linear Regression\Debug\link.5428-cvtres.read.1.tlog
F:\VS2010\Linear Regression\Linear Regression\Debug\link.5428-cvtres.write.1.tlog
F:\VS2010\Linear Regression\Linear Regression\Debug\link.6192.read.1.tlog
F:\VS2010\Linear Regression\Linear Regression\Debug\link.6192.write.1.tlog
F:\VS2010\Linear Regression\Linear Regression\Debug\link.6192-cvtres.read.1.tlog
F:\VS2010\Linear Regression\Linear Regression\Debug\link.6192-cvtres.write.1.tlog
F:\VS2010\Linear Regression\Linear Regression\Debug\link.6468.read.1.tlog
F:\VS2010\Linear Regression\Linear Regression\Debug\link.6468.write.1.tlog
F:\VS2010\Linear Regression\Linear Regression\Debug\link.6468-cvtres.read.1.tlog
F:\VS2010\Linear Regression\Linear Regression\Debug\link.6468-cvtres.write.1.tlog
F:\VS2010\Linear Regression\Linear Regression\Debug\link.6508.read.1.tlog
F:\VS2010\Linear Regression\Linear Regression\Debug\link.6508.write.1.tlog
F:\VS2010\Linear Regression\Linear Regression\Debug\link.6508-cvtres.read.1.tlog
F:\VS2010\Linear Regression\Linear Regression\Debug\link.6508-cvtres.write.1.tlog
F:\VS2010\Linear Regression\Linear Regression\Debug\link.6772.read.1.tlog
F:\VS2010\Linear Regression\Linear Regression\Debug\link.6772.write.1.tlog
F:\VS2010\Linear Regression\Linear Regression\Debug\link.6772-cvtres.read.1.tlog
F:\VS2010\Linear Regression\Linear Regression\Debug\link.6772-cvtres.write.1.tlog
F:\VS2010\Linear Regression\Linear Regression\Debug\link.6868.read.1.tlog
F:\VS2010\Linear Regression\Linear Regression\Debug\link.6868.write.1.tlog
F:\VS2010\Linear Regression\Linear Regression\Debug\link.6868-cvtres.read.1.tlog
F:\VS2010\Linear Regression\Linear Regression\Debug\link.6868-cvtres.write.1.tlog
F:\VS2010\Linear Regression\Linear Regression\Debug\link.7460.read.1.tlog
F:\VS2010\Linear Regression\Linear Regression\Debug\link.7460.write.1.tlog
F:\VS2010\Linear Regression\Linear Regression\Debug\link.7460-cvtres.read.1.tlog
F:\VS2010\Linear Regression\Linear Regression\Debug\link.7460-cvtres.write.1.tlog
F:\VS2010\Linear Regression\Linear Regression\Debug\link.7588.read.1.tlog
F:\VS2010\Linear Regression\Linear Regression\Debug\link.7588.write.1.tlog
F:\VS2010\Linear Regression\Linear Regression\Debug\link.7588-cvtres.read.1.tlog
F:\VS2010\Linear Regression\Linear Regression\Debug\link.7588-cvtres.write.1.tlog
F:\VS2010\Linear Regression\Linear Regression\Debug\link.7736.read.1.tlog
F:\VS2010\Linear Regression\Linear Regression\Debug\link.7736.write.1.tlog
F:\VS2010\Linear Regression\Linear Regression\Debug\link.7736-cvtres.read.1.tlog
F:\VS2010\Linear Regression\Linear Regression\Debug\link.7736-cvtres.write.1.tlog
F:\VS2010\Linear Regression\Linear Regression\Debug\link.8100.read.1.tlog
F:\VS2010\Linear Regression\Linear Regression\Debug\link.8100.write.1.tlog
F:\VS2010\Linear Regression\Linear Regression\Debug\link.8100-cvtres.read.1.tlog
F:\VS2010\Linear Regression\Linear Regression\Debug\link.8100-cvtres.write.1.tlog
F:\VS2010\Linear Regression\Linear Regression\Debug\link.9048.read.1.tlog
F:\VS2010\Linear Regression\Linear Regression\Debug\link.9048.write.1.tlog
F:\VS2010\Linear Regression\Linear Regression\Debug\link.9048-cvtres.read.1.tlog
F:\VS2010\Linear Regression\Linear Regression\Debug\link.9048-cvtres.write.1.tlog
F:\VS2010\Linear Regression\Linear Regression\Debug\link.9160.read.1.tlog
F:\VS2010\Linear Regression\Linear Regression\Debug\link.9160.write.1.tlog
F:\VS2010\Linear Regression\Linear Regression\Debug\link.9160-cvtres.read.1.tlog
F:\VS2010\Linear Regression\Linear Regression\Debug\link.9160-cvtres.write.1.tlog
F:\VS2010\Linear Regression\Linear Regression\Debug\link.9168.read.1.tlog
F:\VS2010\Linear Regression\Linear Regression\Debug\link.9168.write.1.tlog
F:\VS2010\Linear Regression\Linear Regression\Debug\link.9168-cvtres.read.1.tlog
F:\VS2010\Linear Regression\Linear Regression\Debug\link.9168-cvtres.write.1.tlog
F:\VS2010\Linear Regression\Linear Regression\Debug\link.command.1.tlog
F:\VS2010\Linear Regression\Linear Regression\Debug\link.read.1.tlog
F:\VS2010\Linear Regression\Linear Regression\Debug\link.write.1.tlog
F:\VS2010\Linear Regression\Linear Regression\Debug\link-cvtres.read.1.tlog
F:\VS2010\Linear Regression\Linear Regression\Debug\link-cvtres.write.1.tlog
F:\VS2010\Linear Regression\Linear Regression\Debug\mt.command.1.tlog
F:\VS2010\Linear Regression\Linear Regression\Debug\mt.read.1.tlog
F:\VS2010\Linear Regression\Linear Regression\Debug\mt.write.1.tlog
F:\VS2010\Linear Regression\Linear Regression\Debug\rc.command.1.tlog
F:\VS2010\Linear Regression\Linear Regression\Debug\rc.read.1.tlog
F:\VS2010\Linear Regression\Linear Regression\Debug\rc.write.1.tlog
F:\VS2010\Linear Regression\Linear Regression\Debug\vc100.idb
F:\VS2010\LINEAR REGRESSION\LINEAR REGRESSION\DEBUG\VC100.PDB
