生成启动时间为 2014/3/19 8:09:34。
     1>项目“F:\VS2010\Linear Regression\Linear Regression\Linear Regression.vcxproj”在节点 2 上(rebuild 个目标)。
     1>_PrepareForClean:
         正在删除文件“Debug\Linear Regression.lastbuildstate”。
       InitializeBuildStatus:
         正在对“Debug\Linear Regression.unsuccessfulbuild”执行 Touch 任务。
       ClCompile:
         E:\Program Files (x86)\Microsoft Visual Studio 10.0\VC\bin\CL.exe /c /ZI /nologo /W3 /WX- /Od /Oy- /D WIN32 /D _DEBUG /D _CONSOLE /D _UNICODE /D UNICODE /Gm /EHsc /RTC1 /MDd /GS /fp:precise /Zc:wchar_t /Zc:forScope /Fo"Debug\\" /Fd"Debug\vc100.pdb" /Gd /TP /analyze- /errorReport:prompt LinearRegression.cpp
         LinearRegression.cpp
     1>f:\vs2010\linear regression\linear regression\linearregression.cpp(117): warning C4996: 'fcvt': The POSIX name for this item is deprecated. Instead, use the ISO C++ conformant name: _fcvt. See online help for details.
                 e:\program files (x86)\microsoft visual studio 10.0\vc\include\stdlib.h(865) : 参见“fcvt”的声明
       ManifestResourceCompile:
         C:\Program Files (x86)\Microsoft SDKs\Windows\v7.0A\bin\rc.exe /nologo /fo"Debug\Linear Regression.exe.embed.manifest.res" "Debug\Linear Regression_manifest.rc" 
       Link:
         E:\Program Files (x86)\Microsoft Visual Studio 10.0\VC\bin\link.exe /ERRORREPORT:PROMPT /OUT:"F:\VS2010\Linear Regression\Debug\Linear Regression.exe" /INCREMENTAL /NOLOGO kernel32.lib user32.lib gdi32.lib winspool.lib comdlg32.lib advapi32.lib shell32.lib ole32.lib oleaut32.lib uuid.lib odbc32.lib odbccp32.lib /MANIFEST /ManifestFile:"Debug\Linear Regression.exe.intermediate.manifest" /MANIFESTUAC:"level='asInvoker' uiAccess='false'" /DEBUG /PDB:"F:\VS2010\Linear Regression\Debug\Linear Regression.pdb" /SUBSYSTEM:CONSOLE /TLBID:1 /DYNAMICBASE /NXCOMPAT /IMPLIB:"F:\VS2010\Linear Regression\Debug\Linear Regression.lib" /MACHINE:X86 "Debug\Linear Regression.exe.embed.manifest.res"
         Debug\LinearRegression.obj
       Manifest:
         正在删除文件“Debug\Linear Regression.exe.embed.manifest”。
         C:\Program Files (x86)\Microsoft SDKs\Windows\v7.0A\bin\mt.exe /nologo /verbose /out:"Debug\Linear Regression.exe.embed.manifest" /manifest "Debug\Linear Regression.exe.intermediate.manifest"
         C:\Program Files (x86)\Microsoft SDKs\Windows\v7.0A\bin\rc.exe /nologo /fo"Debug\Linear Regression.exe.embed.manifest.res" "Debug\Linear Regression_manifest.rc" 
       LinkEmbedManifest:
         E:\Program Files (x86)\Microsoft Visual Studio 10.0\VC\bin\link.exe /ERRORREPORT:PROMPT /OUT:"F:\VS2010\Linear Regression\Debug\Linear Regression.exe" /INCREMENTAL /NOLOGO kernel32.lib user32.lib gdi32.lib winspool.lib comdlg32.lib advapi32.lib shell32.lib ole32.lib oleaut32.lib uuid.lib odbc32.lib odbccp32.lib /MANIFEST /ManifestFile:"Debug\Linear Regression.exe.intermediate.manifest" /MANIFESTUAC:"level='asInvoker' uiAccess='false'" /DEBUG /PDB:"F:\VS2010\Linear Regression\Debug\Linear Regression.pdb" /SUBSYSTEM:CONSOLE /TLBID:1 /DYNAMICBASE /NXCOMPAT /IMPLIB:"F:\VS2010\Linear Regression\Debug\Linear Regression.lib" /MACHINE:X86 "Debug\Linear Regression.exe.embed.manifest.res"
         Debug\LinearRegression.obj
         Linear Regression.vcxproj -> F:\VS2010\Linear Regression\Debug\Linear Regression.exe
       FinalizeBuildStatus:
         正在删除文件“Debug\Linear Regression.unsuccessfulbuild”。
         正在对“Debug\Linear Regression.lastbuildstate”执行 Touch 任务。
     1>已完成生成项目“F:\VS2010\Linear Regression\Linear Regression\Linear Regression.vcxproj”(rebuild 个目标)的操作。

生成成功。

已用时间 00:00:03.00
